2013-12-30 07:40:12 Warning: Warning (2): Missing argument 4 for AdminsController::changestatus(), called in C:\xampp\htdocs\gocitiescms\cake\libs\object.php on line 122 and defined in [APP\controllers\admins_controller.php, line 3176]
2013-12-30 07:40:13 Warning: Warning (2): Cannot modify header information - headers already sent by (output started at C:\xampp\htdocs\gocitiescms\cake\basics.php:307) in [CORE\cake\libs\controller\controller.php, line 647]
2013-12-30 07:41:15 Warning: Warning (2): Missing argument 4 for AdminsController::changestatus(), called in C:\xampp\htdocs\gocitiescms\cake\libs\object.php on line 122 and defined in [APP\controllers\admins_controller.php, line 3176]
2013-12-30 07:41:15 Warning: Warning (2): Cannot modify header information - headers already sent by (output started at C:\xampp\htdocs\gocitiescms\cake\basics.php:307) in [CORE\cake\libs\controller\controller.php, line 647]
2013-12-30 07:41:28 Warning: Warning (2): Missing argument 4 for AdminsController::changestatus(), called in C:\xampp\htdocs\gocitiescms\cake\libs\object.php on line 122 and defined in [APP\controllers\admins_controller.php, line 3176]
2013-12-30 07:41:28 Warning: Warning (2): Cannot modify header information - headers already sent by (output started at C:\xampp\htdocs\gocitiescms\cake\basics.php:307) in [CORE\cake\libs\controller\controller.php, line 647]
2013-12-30 07:41:47 Warning: Warning (2): Missing argument 4 for AdminsController::changestatus(), called in C:\xampp\htdocs\gocitiescms\cake\libs\object.php on line 122 and defined in [APP\controllers\admins_controller.php, line 3176]
2013-12-30 07:41:47 Warning: Warning (2): Cannot modify header information - headers already sent by (output started at C:\xampp\htdocs\gocitiescms\cake\basics.php:307) in [CORE\cake\libs\controller\controller.php, line 647]
2013-12-30 07:42:51 Warning: Warning (2): Missing argument 4 for AdminsController::changestatus(), called in C:\xampp\htdocs\gocitiescms\cake\libs\object.php on line 122 and defined in [APP\controllers\admins_controller.php, line 3176]
2013-12-30 07:42:51 Warning: Warning (2): Cannot modify header information - headers already sent by (output started at C:\xampp\htdocs\gocitiescms\cake\basics.php:307) in [CORE\cake\libs\controller\controller.php, line 647]
2013-12-30 08:07:28 Warning: Warning (512): <span style = "color:Red;text-align:left"><b>SQL Error:</b> 1064: You have an error in your SQL syntax; check the manual that corresponds to your MySQL server version for the right syntax to use near 'detele' at line 1</span> in [CORE\cake\libs\model\datasources\dbo_source.php, line 527]
2014-01-02 09:40:34 Warning: Warning (512): <span style = "color:Red;text-align:left"><b>SQL Error:</b> 1064: You have an error in your SQL syntax; check the manual that corresponds to your MySQL server version for the right syntax to use near 'getMemberListByProject' at line 1</span> in [CORE\cake\libs\model\datasources\dbo_source.php, line 527]
2014-01-02 09:40:35 Warning: Warning (512): <span style = "color:Red;text-align:left"><b>SQL Error:</b> 1064: You have an error in your SQL syntax; check the manual that corresponds to your MySQL server version for the right syntax to use near 'getMemberListByProject' at line 1</span> in [CORE\cake\libs\model\datasources\dbo_source.php, line 527]
2014-01-02 09:40:50 Warning: Warning (512): <span style = "color:Red;text-align:left"><b>SQL Error:</b> 1064: You have an error in your SQL syntax; check the manual that corresponds to your MySQL server version for the right syntax to use near 'getMemberListByProject' at line 1</span> in [CORE\cake\libs\model\datasources\dbo_source.php, line 527]
2014-01-02 11:13:15 Warning: Warning (512): <span style = "color:Red;text-align:left"><b>SQL Error:</b> 1064: You have an error in your SQL syntax; check the manual that corresponds to your MySQL server version for the right syntax to use near '=> array('Admin.username' =>'admin')' at line 1</span> in [CORE\cake\libs\model\datasources\dbo_source.php, line 527]
2014-01-02 11:13:15 Warning: Warning (512): <span style = "color:Red;text-align:left"><b>SQL Error:</b> 1064: You have an error in your SQL syntax; check the manual that corresponds to your MySQL server version for the right syntax to use near '=> array('Admin.username' =>'admin')     ORDER BY `Admin`.`id` ASC  LIMIT 20' at line 1</span> in [CORE\cake\libs\model\datasources\dbo_source.php, line 527]
2014-01-03 05:51:17 Warning: Warning (512): <span style = "color:Red;text-align:left"><b>SQL Error:</b> 1064: You have an error in your SQL syntax; check the manual that corresponds to your MySQL server version for the right syntax to use near 'All    LIMIT 1' at line 1</span> in [CORE\cake\libs\model\datasources\dbo_source.php, line 527]
2014-01-03 06:00:23 Warning: Warning (512): <span style = "color:Red;text-align:left"><b>SQL Error:</b> 1064: You have an error in your SQL syntax; check the manual that corresponds to your MySQL server version for the right syntax to use near 'All    LIMIT 1' at line 1</span> in [CORE\cake\libs\model\datasources\dbo_source.php, line 527]
2014-01-03 06:04:38 Warning: Warning (512): <span style = "color:Red;text-align:left"><b>SQL Error:</b> 1064: You have an error in your SQL syntax; check the manual that corresponds to your MySQL server version for the right syntax to use near 'All    LIMIT 1' at line 1</span> in [CORE\cake\libs\model\datasources\dbo_source.php, line 527]
2014-01-03 06:07:38 Warning: Warning (512): <span style = "color:Red;text-align:left"><b>SQL Error:</b> 1054: Unknown column 'Menu.resource_id' in 'on clause'</span> in [CORE\cake\libs\model\datasources\dbo_source.php, line 527]
2014-01-03 06:29:36 Warning: Warning (512): <span style = "color:Red;text-align:left"><b>SQL Error:</b> 1054: Unknown column 'Menu.pid' in 'on clause'</span> in [CORE\cake\libs\model\datasources\dbo_source.php, line 527]
2014-01-03 06:29:36 Warning: Warning (2): Invalid argument supplied for foreach() in [APP\views\admins\add_newuser.ctp, line 147]
2014-01-03 06:30:02 Warning: Warning (512): <span style = "color:Red;text-align:left"><b>SQL Error:</b> 1054: Unknown column 'Menu.pid' in 'on clause'</span> in [CORE\cake\libs\model\datasources\dbo_source.php, line 527]
2014-01-03 06:30:02 Warning: Warning (2): Invalid argument supplied for foreach() in [APP\views\admins\add_newuser.ctp, line 147]
2014-01-03 06:33:56 Warning: Warning (512): <span style = "color:Red;text-align:left"><b>SQL Error:</b> 1054: Unknown column 'Menu.pid' in 'on clause'</span> in [CORE\cake\libs\model\datasources\dbo_source.php, line 527]
2014-01-03 06:33:56 Warning: Warning (2): Invalid argument supplied for foreach() in [APP\views\admins\add_newuser.ctp, line 147]
2014-01-03 06:37:03 Warning: Warning (512): <span style = "color:Red;text-align:left"><b>SQL Error:</b> 1054: Unknown column 'Menu.1' in 'on clause'</span> in [CORE\cake\libs\model\datasources\dbo_source.php, line 527]
2014-01-03 06:37:03 Warning: Warning (2): Invalid argument supplied for foreach() in [APP\views\admins\add_newuser.ctp, line 147]
2014-01-03 06:52:56 Warning: Warning (512): <span style = "color:Red;text-align:left"><b>SQL Error:</b> 1054: Unknown column 'Resource.id' in 'field list'</span> in [CORE\cake\libs\model\datasources\dbo_source.php, line 527]
2014-01-03 06:52:57 Warning: Warning (512): <span style = "color:Red;text-align:left"><b>SQL Error:</b> 1054: Unknown column 'Resource.id' in 'field list'</span> in [CORE\cake\libs\model\datasources\dbo_source.php, line 527]
2014-01-03 06:59:44 Warning: Warning (512): <span style = "color:Red;text-align:left"><b>SQL Error:</b> 1054: Unknown column 'Resource.pid' in 'on clause'</span> in [CORE\cake\libs\model\datasources\dbo_source.php, line 527]
2014-01-03 06:59:44 Warning: Warning (2): Invalid argument supplied for foreach() in [APP\views\admins\add_newuser.ctp, line 147]
2014-01-03 07:01:16 Warning: Warning (512): <span style = "color:Red;text-align:left"><b>SQL Error:</b> 1054: Unknown column 'Menu.1' in 'on clause'</span> in [CORE\cake\libs\model\datasources\dbo_source.php, line 527]
2014-01-03 07:01:16 Warning: Warning (2): Invalid argument supplied for foreach() in [APP\views\admins\add_newuser.ctp, line 147]
2014-01-03 07:01:39 Warning: Warning (512): <span style = "color:Red;text-align:left"><b>SQL Error:</b> 1064: You have an error in your SQL syntax; check the manual that corresponds to your MySQL server version for the right syntax to use near '' at line 1</span> in [CORE\cake\libs\model\datasources\dbo_source.php, line 527]
2014-01-03 07:01:39 Warning: Warning (2): Invalid argument supplied for foreach() in [APP\views\admins\add_newuser.ctp, line 147]
2014-01-03 07:01:50 Warning: Warning (512): <span style = "color:Red;text-align:left"><b>SQL Error:</b> 1064: You have an error in your SQL syntax; check the manual that corresponds to your MySQL server version for the right syntax to use near 'id = `Resource`.`pid`)  WHERE 1 = 1' at line 1</span> in [CORE\cake\libs\model\datasources\dbo_source.php, line 527]
2014-01-03 07:01:50 Warning: Warning (2): Invalid argument supplied for foreach() in [APP\views\admins\add_newuser.ctp, line 147]
2014-01-03 07:02:00 Warning: Warning (512): <span style = "color:Red;text-align:left"><b>SQL Error:</b> 1064: You have an error in your SQL syntax; check the manual that corresponds to your MySQL server version for the right syntax to use near 'id = `Resource`.`pid`)  WHERE 1 = 1' at line 1</span> in [CORE\cake\libs\model\datasources\dbo_source.php, line 527]
2014-01-03 07:02:00 Warning: Warning (2): Invalid argument supplied for foreach() in [APP\views\admins\add_newuser.ctp, line 147]
2014-01-03 07:06:51 Warning: Warning (512): <span style = "color:Red;text-align:left"><b>SQL Error:</b> 1064: You have an error in your SQL syntax; check the manual that corresponds to your MySQL server version for the right syntax to use near 'DISTINCT `Menu`.`name` FROM `menus` AS `Menu` LEFT JOIN `resources` AS `Resource' at line 1</span> in [CORE\cake\libs\model\datasources\dbo_source.php, line 527]
2014-01-03 07:06:51 Warning: Warning (2): Invalid argument supplied for foreach() in [APP\views\admins\add_newuser.ctp, line 146]
2014-01-03 07:07:24 Warning: Warning (512): <span style = "color:Red;text-align:left"><b>SQL Error:</b> 1064: You have an error in your SQL syntax; check the manual that corresponds to your MySQL server version for the right syntax to use near 'DISTINCT `Menu`.`name` FROM `menus` AS `Menu` LEFT JOIN `resources` AS `Resource' at line 1</span> in [CORE\cake\libs\model\datasources\dbo_source.php, line 527]
2014-01-03 07:07:24 Warning: Warning (2): Invalid argument supplied for foreach() in [APP\views\admins\add_newuser.ctp, line 146]
2014-01-03 07:11:27 Warning: Warning (2): array_unique() expects parameter 1 to be array, string given in [APP\views\admins\add_newuser.ctp, line 150]
2014-01-03 07:11:55 Warning: Warning (2): array_unique() expects parameter 1 to be array, string given in [APP\views\admins\add_newuser.ctp, line 150]
2014-01-03 07:47:20 Warning: Warning (2): mysqli_fetch_array() expects parameter 1 to be mysqli_result, resource given in [APP\views\admins\add_newuser.ctp, line 156]
2014-01-06 05:57:06 Warning: Warning (512): <span style = "color:Red;text-align:left"><b>SQL Error:</b> 126: Incorrect key file for table 'C:\xampp\tmp\#sql5388_7c95_1.MYI'; try to repair it</span> in [CORE\cake\libs\model\datasources\dbo_source.php, line 527]
2014-01-06 05:57:06 Warning: Warning (2): Invalid argument supplied for foreach() in [CORE\cake\libs\model\datasources\dbo\dbo_mysql.php, line 102]
2014-01-06 05:57:06 Warning: Warning (512): <span style = "color:Red;text-align:left"><b>SQL Error:</b> 126: Incorrect key file for table 'C:\xampp\tmp\#sql5388_7c95_2.MYI'; try to repair it</span> in [CORE\cake\libs\model\datasources\dbo_source.php, line 527]
2014-01-06 05:57:06 Warning: Warning (512): <span style = "color:Red;text-align:left"><b>SQL Error:</b> 126: Incorrect key file for table 'C:\xampp\tmp\#sql5388_7c95_3.MYI'; try to repair it</span> in [CORE\cake\libs\model\datasources\dbo_source.php, line 527]
2014-01-06 05:57:06 Warning: Warning (512): <span style = "color:Red;text-align:left"><b>SQL Error:</b> 126: Incorrect key file for table 'C:\xampp\tmp\#sql5388_7c95_4.MYI'; try to repair it</span> in [CORE\cake\libs\model\datasources\dbo_source.php, line 527]
2014-01-06 05:57:06 Warning: Warning (512): <span style = "color:Red;text-align:left"><b>SQL Error:</b> 1030: Got error 28 from storage engine</span> in [CORE\cake\libs\model\datasources\dbo_source.php, line 527]
2014-01-06 05:57:06 Warning: Warning (2): Cannot modify header information - headers already sent by (output started at C:\xampp\htdocs\gocitiescms\cake\libs\debugger.php:504) in [CORE\cake\libs\controller\controller.php, line 647]
2014-01-06 05:57:26 Warning: Warning (512): <span style = "color:Red;text-align:left"><b>SQL Error:</b> 1030: Got error 28 from storage engine</span> in [CORE\cake\libs\model\datasources\dbo_source.php, line 527]
2014-01-06 05:57:26 Warning: Warning (2): Invalid argument supplied for foreach() in [CORE\cake\libs\model\datasources\dbo\dbo_mysql.php, line 102]
2014-01-06 05:57:26 Warning: Warning (2): Cannot modify header information - headers already sent by (output started at C:\xampp\htdocs\gocitiescms\cake\libs\debugger.php:504) in [CORE\cake\libs\controller\components\cookie.php, line 378]
2014-01-06 05:57:26 Warning: Warning (2): Cannot modify header information - headers already sent by (output started at C:\xampp\htdocs\gocitiescms\cake\libs\debugger.php:504) in [CORE\cake\libs\controller\controller.php, line 647]
2014-01-06 05:57:58 Warning: Warning (512): <span style = "color:Red;text-align:left"><b>SQL Error:</b> 1030: Got error 28 from storage engine</span> in [CORE\cake\libs\model\datasources\dbo_source.php, line 527]
2014-01-06 05:57:58 Warning: Warning (2): Invalid argument supplied for foreach() in [CORE\cake\libs\model\datasources\dbo\dbo_mysql.php, line 102]
2014-01-06 05:57:59 Warning: Warning (2): Cannot modify header information - headers already sent by (output started at C:\xampp\htdocs\gocitiescms\cake\libs\debugger.php:504) in [CORE\cake\libs\controller\components\cookie.php, line 378]
2014-01-06 05:57:59 Warning: Warning (2): Cannot modify header information - headers already sent by (output started at C:\xampp\htdocs\gocitiescms\cake\libs\debugger.php:504) in [CORE\cake\libs\controller\controller.php, line 647]
2014-01-06 05:58:01 Warning: Warning (512): <span style = "color:Red;text-align:left"><b>SQL Error:</b> 1030: Got error 28 from storage engine</span> in [CORE\cake\libs\model\datasources\dbo_source.php, line 527]
2014-01-06 05:58:01 Warning: Warning (2): Invalid argument supplied for foreach() in [CORE\cake\libs\model\datasources\dbo\dbo_mysql.php, line 102]
2014-01-06 05:58:01 Warning: Warning (2): Cannot modify header information - headers already sent by (output started at C:\xampp\htdocs\gocitiescms\cake\libs\debugger.php:504) in [CORE\cake\libs\controller\components\cookie.php, line 378]
2014-01-06 05:58:01 Warning: Warning (2): Cannot modify header information - headers already sent by (output started at C:\xampp\htdocs\gocitiescms\cake\libs\debugger.php:504) in [CORE\cake\libs\controller\controller.php, line 647]
2014-01-06 05:58:03 Warning: Warning (512): <span style = "color:Red;text-align:left"><b>SQL Error:</b> 1030: Got error 28 from storage engine</span> in [CORE\cake\libs\model\datasources\dbo_source.php, line 527]
2014-01-06 05:58:03 Warning: Warning (2): Invalid argument supplied for foreach() in [CORE\cake\libs\model\datasources\dbo\dbo_mysql.php, line 102]
2014-01-06 05:58:04 Warning: Warning (2): Cannot modify header information - headers already sent by (output started at C:\xampp\htdocs\gocitiescms\cake\libs\debugger.php:504) in [CORE\cake\libs\controller\controller.php, line 647]
2014-01-06 05:58:21 Warning: Warning (512): <span style = "color:Red;text-align:left"><b>SQL Error:</b> 1030: Got error 28 from storage engine</span> in [CORE\cake\libs\model\datasources\dbo_source.php, line 527]
2014-01-06 05:58:21 Warning: Warning (2): Invalid argument supplied for foreach() in [CORE\cake\libs\model\datasources\dbo\dbo_mysql.php, line 102]
2014-01-06 06:04:24 Warning: Warning (2): mysql_num_rows() expects parameter 1 to be resource, boolean given in [APP\config\routes.php, line 55]
2014-01-06 06:07:06 Warning: Warning (2): mysql_num_rows() expects parameter 1 to be resource, boolean given in [APP\config\routes.php, line 55]
2014-01-06 06:09:12 Warning: Warning (2): mysql_num_rows() expects parameter 1 to be resource, boolean given in [APP\config\routes.php, line 55]
2014-01-06 06:09:13 Warning: Warning (512): <span style = "color:Red;text-align:left"><b>SQL Error:</b> 1030: Got error 28 from storage engine</span> in [CORE\cake\libs\model\datasources\dbo_source.php, line 527]
2014-01-06 06:09:13 Warning: Warning (2): Invalid argument supplied for foreach() in [CORE\cake\libs\model\datasources\dbo\dbo_mysql.php, line 102]
2014-01-06 06:09:32 Warning: Warning (2): mysql_num_rows() expects parameter 1 to be resource, boolean given in [APP\config\routes.php, line 55]
2014-01-06 06:09:33 Warning: Warning (512): <span style = "color:Red;text-align:left"><b>SQL Error:</b> 1030: Got error 28 from storage engine</span> in [CORE\cake\libs\model\datasources\dbo_source.php, line 527]
2014-01-06 06:09:33 Warning: Warning (2): Invalid argument supplied for foreach() in [CORE\cake\libs\model\datasources\dbo\dbo_mysql.php, line 102]
2014-01-06 06:10:53 Warning: Warning (2): mysql_num_rows() expects parameter 1 to be resource, boolean given in [APP\config\routes.php, line 55]
2014-01-06 06:10:53 Warning: Warning (512): <span style = "color:Red;text-align:left"><b>SQL Error:</b> 1030: Got error 28 from storage engine</span> in [CORE\cake\libs\model\datasources\dbo_source.php, line 527]
2014-01-06 06:10:53 Warning: Warning (2): Invalid argument supplied for foreach() in [CORE\cake\libs\model\datasources\dbo\dbo_mysql.php, line 102]
2014-01-06 06:13:11 Warning: Warning (2): mysql_num_rows() expects parameter 1 to be resource, boolean given in [APP\config\routes.php, line 55]
2014-01-06 06:13:11 Warning: Warning (512): <span style = "color:Red;text-align:left"><b>SQL Error:</b> 1030: Got error 28 from storage engine</span> in [CORE\cake\libs\model\datasources\dbo_source.php, line 527]
2014-01-06 06:13:11 Warning: Warning (2): Invalid argument supplied for foreach() in [CORE\cake\libs\model\datasources\dbo\dbo_mysql.php, line 102]
2014-01-06 06:13:13 Warning: Warning (2): mysql_num_rows() expects parameter 1 to be resource, boolean given in [APP\config\routes.php, line 55]
2014-01-06 06:13:13 Warning: Warning (512): <span style = "color:Red;text-align:left"><b>SQL Error:</b> 1030: Got error 28 from storage engine</span> in [CORE\cake\libs\model\datasources\dbo_source.php, line 527]
2014-01-06 06:13:13 Warning: Warning (2): Invalid argument supplied for foreach() in [CORE\cake\libs\model\datasources\dbo\dbo_mysql.php, line 102]
2014-01-06 06:13:15 Warning: Warning (2): mysql_num_rows() expects parameter 1 to be resource, boolean given in [APP\config\routes.php, line 55]
2014-01-06 06:13:15 Warning: Warning (512): <span style = "color:Red;text-align:left"><b>SQL Error:</b> 1030: Got error 28 from storage engine</span> in [CORE\cake\libs\model\datasources\dbo_source.php, line 527]
2014-01-06 06:13:15 Warning: Warning (2): Invalid argument supplied for foreach() in [CORE\cake\libs\model\datasources\dbo\dbo_mysql.php, line 102]
2014-01-06 06:17:09 Warning: Warning (2): mysql_num_rows() expects parameter 1 to be resource, boolean given in [APP\config\routes.php, line 55]
2014-01-06 06:17:10 Warning: Warning (512): <span style = "color:Red;text-align:left"><b>SQL Error:</b> 1030: Got error 28 from storage engine</span> in [CORE\cake\libs\model\datasources\dbo_source.php, line 527]
2014-01-06 06:17:10 Warning: Warning (2): Invalid argument supplied for foreach() in [CORE\cake\libs\model\datasources\dbo\dbo_mysql.php, line 102]
2014-01-06 06:17:36 Warning: Warning (2): mysql_num_rows() expects parameter 1 to be resource, boolean given in [APP\config\routes.php, line 55]
2014-01-06 06:17:37 Warning: Warning (2): Invalid argument supplied for foreach() in [CORE\cake\libs\model\datasources\dbo\dbo_mysql.php, line 102]
2014-01-06 06:23:19 Warning: Warning (2): mysql_num_rows() expects parameter 1 to be resource, boolean given in [APP\config\routes.php, line 55]
2014-01-06 06:23:20 Warning: Warning (512): <span style = "color:Red;text-align:left"><b>SQL Error:</b> 1030: Got error 28 from storage engine</span> in [CORE\cake\libs\model\datasources\dbo_source.php, line 527]
2014-01-06 06:23:20 Warning: Warning (2): Invalid argument supplied for foreach() in [CORE\cake\libs\model\datasources\dbo\dbo_mysql.php, line 102]
2014-01-06 06:24:55 Warning: Warning (2): mysql_connect() [<a href='http://php.net/function.mysql-connect'>function.mysql-connect</a>]: [2002] No connection could be made because the target machine actively refused it.
 (trying to connect via tcp://localhost:3306) in [APP\config\routes.php, line 52]
2014-01-06 06:24:55 Warning: Warning (2): mysql_connect() [<a href='http://php.net/function.mysql-connect'>function.mysql-connect</a>]: No connection could be made because the target machine actively refused it.
 in [APP\config\routes.php, line 52]
2014-01-06 06:24:56 Warning: Warning (2): mysql_select_db() [<a href='http://php.net/function.mysql-select-db'>function.mysql-select-db</a>]: [2002] No connection could be made because the target machine actively refused it.
 (trying to connect via tcp://localhost:3306) in [APP\config\routes.php, line 53]
2014-01-06 06:24:56 Warning: Warning (2): mysql_select_db() [<a href='http://php.net/function.mysql-select-db'>function.mysql-select-db</a>]: No connection could be made because the target machine actively refused it.
 in [APP\config\routes.php, line 53]
2014-01-06 06:24:56 Warning: Warning (2): mysql_select_db() [<a href='http://php.net/function.mysql-select-db'>function.mysql-select-db</a>]: A link to the server could not be established in [APP\config\routes.php, line 53]
2014-01-06 06:24:57 Warning: Warning (2): mysql_query() [<a href='http://php.net/function.mysql-query'>function.mysql-query</a>]: [2002] No connection could be made because the target machine actively refused it.
 (trying to connect via tcp://localhost:3306) in [APP\config\routes.php, line 54]
2014-01-06 06:24:57 Warning: Warning (2): mysql_query() [<a href='http://php.net/function.mysql-query'>function.mysql-query</a>]: No connection could be made because the target machine actively refused it.
 in [APP\config\routes.php, line 54]
2014-01-06 06:24:57 Warning: Warning (2): mysql_query() [<a href='http://php.net/function.mysql-query'>function.mysql-query</a>]: A link to the server could not be established in [APP\config\routes.php, line 54]
2014-01-06 06:24:57 Warning: Warning (2): mysql_num_rows() expects parameter 1 to be resource, boolean given in [APP\config\routes.php, line 55]
2014-01-06 06:24:58 Warning: Warning (2): mysqli_connect() [<a href='http://php.net/function.mysqli-connect'>function.mysqli-connect</a>]: [2002] No connection could be made because the target machine actively refused it.
 (trying to connect via tcp://localhost:3306) in [CORE\cake\libs\model\datasources\dbo\dbo_mysqli.php, line 73]
2014-01-06 06:24:58 Warning: Warning (2): mysqli_connect() [<a href='http://php.net/function.mysqli-connect'>function.mysqli-connect</a>]: (HY000/2002): No connection could be made because the target machine actively refused it.
 in [CORE\cake\libs\model\datasources\dbo\dbo_mysqli.php, line 73]
2014-01-06 06:24:58 Warning: Warning (2): mysqli_get_server_info() expects parameter 1 to be mysqli, boolean given in [CORE\cake\libs\model\datasources\dbo\dbo_mysqli.php, line 79]
2014-01-06 06:24:58 Warning: Warning (2): mysqli_query() expects parameter 1 to be mysqli, boolean given in [CORE\cake\libs\model\datasources\dbo\dbo_mysqli.php, line 117]
2014-01-06 06:25:24 Warning: Warning (2): mysql_connect() [<a href='http://php.net/function.mysql-connect'>function.mysql-connect</a>]: [2002] No connection could be made because the target machine actively refused it.
 (trying to connect via tcp://localhost:3306) in [APP\config\routes.php, line 52]
2014-01-06 06:25:24 Warning: Warning (2): mysql_connect() [<a href='http://php.net/function.mysql-connect'>function.mysql-connect</a>]: No connection could be made because the target machine actively refused it.
 in [APP\config\routes.php, line 52]
2014-01-06 06:25:25 Warning: Warning (2): mysql_select_db() [<a href='http://php.net/function.mysql-select-db'>function.mysql-select-db</a>]: [2002] No connection could be made because the target machine actively refused it.
 (trying to connect via tcp://localhost:3306) in [APP\config\routes.php, line 53]
2014-01-06 06:25:25 Warning: Warning (2): mysql_select_db() [<a href='http://php.net/function.mysql-select-db'>function.mysql-select-db</a>]: No connection could be made because the target machine actively refused it.
 in [APP\config\routes.php, line 53]
2014-01-06 06:25:25 Warning: Warning (2): mysql_select_db() [<a href='http://php.net/function.mysql-select-db'>function.mysql-select-db</a>]: A link to the server could not be established in [APP\config\routes.php, line 53]
2014-01-06 06:25:26 Warning: Warning (2): mysql_query() [<a href='http://php.net/function.mysql-query'>function.mysql-query</a>]: [2002] No connection could be made because the target machine actively refused it.
 (trying to connect via tcp://localhost:3306) in [APP\config\routes.php, line 54]
2014-01-06 06:25:26 Warning: Warning (2): mysql_query() [<a href='http://php.net/function.mysql-query'>function.mysql-query</a>]: No connection could be made because the target machine actively refused it.
 in [APP\config\routes.php, line 54]
2014-01-06 06:25:26 Warning: Warning (2): mysql_query() [<a href='http://php.net/function.mysql-query'>function.mysql-query</a>]: A link to the server could not be established in [APP\config\routes.php, line 54]
2014-01-06 06:25:26 Warning: Warning (2): mysql_num_rows() expects parameter 1 to be resource, boolean given in [APP\config\routes.php, line 55]
2014-01-06 06:25:27 Warning: Warning (2): mysqli_connect() [<a href='http://php.net/function.mysqli-connect'>function.mysqli-connect</a>]: [2002] No connection could be made because the target machine actively refused it.
 (trying to connect via tcp://localhost:3306) in [CORE\cake\libs\model\datasources\dbo\dbo_mysqli.php, line 73]
2014-01-06 06:25:27 Warning: Warning (2): mysqli_connect() [<a href='http://php.net/function.mysqli-connect'>function.mysqli-connect</a>]: (HY000/2002): No connection could be made because the target machine actively refused it.
 in [CORE\cake\libs\model\datasources\dbo\dbo_mysqli.php, line 73]
2014-01-06 06:25:27 Warning: Warning (2): mysqli_get_server_info() expects parameter 1 to be mysqli, boolean given in [CORE\cake\libs\model\datasources\dbo\dbo_mysqli.php, line 79]
2014-01-06 06:25:27 Warning: Warning (2): mysqli_query() expects parameter 1 to be mysqli, boolean given in [CORE\cake\libs\model\datasources\dbo\dbo_mysqli.php, line 117]
2014-01-06 06:26:41 Warning: Warning (2): mysql_num_rows() expects parameter 1 to be resource, boolean given in [APP\config\routes.php, line 55]
2014-01-06 06:27:07 Warning: Warning (2): mysql_num_rows() expects parameter 1 to be resource, boolean given in [APP\config\routes.php, line 55]
2014-01-06 06:27:11 Warning: Warning (2): mysql_num_rows() expects parameter 1 to be resource, boolean given in [APP\config\routes.php, line 55]
2014-01-06 06:29:00 Warning: Warning (2): mysql_num_rows() expects parameter 1 to be resource, boolean given in [APP\config\routes.php, line 55]
2014-01-06 06:29:36 Warning: Warning (2): mysql_num_rows() expects parameter 1 to be resource, boolean given in [APP\config\routes.php, line 55]
2014-01-06 06:30:10 Warning: Warning (2): mysql_num_rows() expects parameter 1 to be resource, boolean given in [APP\config\routes.php, line 55]
2014-01-06 06:31:47 Warning: Warning (2): mysql_num_rows() expects parameter 1 to be resource, boolean given in [APP\config\routes.php, line 55]
2014-01-06 07:22:41 Warning: Warning (2): Invalid argument supplied for foreach() in [CORE\cake\libs\model\model.php, line 579]
2014-01-15 06:07:51 Warning: Warning (2): Invalid argument supplied for foreach() in [APP\views\helpers\common.php, line 204]
2014-01-15 06:13:32 Warning: Warning (2): Invalid argument supplied for foreach() in [CORE\cake\libs\model\model.php, line 579]
2014-01-15 06:13:33 Warning: Warning (2): Invalid argument supplied for foreach() in [CORE\cake\libs\model\model.php, line 579]
2014-01-15 06:13:59 Warning: Warning (2): Invalid argument supplied for foreach() in [CORE\cake\libs\model\model.php, line 579]
2014-01-15 06:14:00 Warning: Warning (2): Invalid argument supplied for foreach() in [CORE\cake\libs\model\model.php, line 579]
2014-01-15 06:14:19 Warning: Warning (2): Invalid argument supplied for foreach() in [CORE\cake\libs\model\model.php, line 579]
2014-01-15 06:14:20 Warning: Warning (2): Invalid argument supplied for foreach() in [CORE\cake\libs\model\model.php, line 579]
2014-01-15 06:14:57 Warning: Warning (2): Invalid argument supplied for foreach() in [CORE\cake\libs\model\model.php, line 579]
2014-01-15 06:15:43 Warning: Warning (2): file_exists() expects parameter 1 to be string, array given in [CORE\cake\libs\folder.php, line 106]
2014-01-15 06:15:43 Warning: Warning (2): preg_match() expects parameter 2 to be string, array given in [CORE\cake\libs\folder.php, line 254]
2014-01-15 06:15:43 Warning: Warning (2): realpath() expects parameter 1 to be string, array given in [CORE\cake\libs\folder.php, line 110]
2014-01-15 06:15:43 Warning: Warning (2): Cannot modify header information - headers already sent by (output started at C:\xampp\htdocs\gocitiescms\cake\basics.php:115) in [CORE\cake\libs\controller\controller.php, line 647]
2014-01-15 06:16:03 Warning: Warning (2): file_exists() expects parameter 1 to be string, array given in [CORE\cake\libs\folder.php, line 106]
2014-01-15 06:16:03 Warning: Warning (2): preg_match() expects parameter 2 to be string, array given in [CORE\cake\libs\folder.php, line 254]
2014-01-15 06:16:03 Warning: Warning (2): realpath() expects parameter 1 to be string, array given in [CORE\cake\libs\folder.php, line 110]
2014-01-15 06:16:03 Warning: Warning (2): Cannot modify header information - headers already sent by (output started at C:\xampp\htdocs\gocitiescms\cake\basics.php:115) in [CORE\cake\libs\controller\controller.php, line 647]
2014-01-15 06:18:50 Warning: Warning (2): Invalid argument supplied for foreach() in [CORE\cake\libs\model\model.php, line 579]
2014-01-15 06:18:51 Warning: Warning (2): Invalid argument supplied for foreach() in [CORE\cake\libs\model\model.php, line 579]
2014-01-15 06:19:12 Warning: Warning (2): Invalid argument supplied for foreach() in [CORE\cake\libs\model\model.php, line 579]
2014-01-15 06:19:13 Warning: Warning (2): Invalid argument supplied for foreach() in [CORE\cake\libs\model\model.php, line 579]
2014-01-15 06:19:43 Warning: Warning (2): Invalid argument supplied for foreach() in [CORE\cake\libs\model\model.php, line 579]
2014-01-15 06:19:44 Warning: Warning (2): Invalid argument supplied for foreach() in [CORE\cake\libs\model\model.php, line 579]
2014-01-15 06:22:11 Warning: Warning (2): Invalid argument supplied for foreach() in [CORE\cake\libs\model\model.php, line 579]
2014-01-15 06:24:32 Warning: Warning (2): file_exists() expects parameter 1 to be string, array given in [CORE\cake\libs\folder.php, line 106]
2014-01-15 06:24:32 Warning: Warning (2): preg_match() expects parameter 2 to be string, array given in [CORE\cake\libs\folder.php, line 254]
2014-01-15 06:24:32 Warning: Warning (2): realpath() expects parameter 1 to be string, array given in [CORE\cake\libs\folder.php, line 110]
2014-01-15 06:24:32 Warning: Warning (2): Cannot modify header information - headers already sent by (output started at C:\xampp\htdocs\gocitiescms\cake\basics.php:115) in [CORE\cake\libs\controller\controller.php, line 647]
2014-01-15 06:24:53 Warning: Warning (2): Invalid argument supplied for foreach() in [CORE\cake\libs\model\model.php, line 579]
2014-01-15 06:24:54 Warning: Warning (2): Invalid argument supplied for foreach() in [CORE\cake\libs\model\model.php, line 579]
2014-01-15 06:25:01 Warning: Warning (2): Invalid argument supplied for foreach() in [CORE\cake\libs\model\model.php, line 579]
2014-01-15 06:27:00 Warning: Warning (2): Invalid argument supplied for foreach() in [CORE\cake\libs\model\model.php, line 579]
2014-01-15 06:27:01 Warning: Warning (2): Invalid argument supplied for foreach() in [CORE\cake\libs\model\model.php, line 579]
2014-01-15 06:27:21 Warning: Warning (2): Invalid argument supplied for foreach() in [CORE\cake\libs\model\model.php, line 579]
2014-01-15 06:27:23 Warning: Warning (2): Invalid argument supplied for foreach() in [CORE\cake\libs\model\model.php, line 579]
2014-01-15 06:27:44 Warning: Warning (2): Invalid argument supplied for foreach() in [CORE\cake\libs\model\model.php, line 579]
2014-01-15 06:27:46 Warning: Warning (2): Invalid argument supplied for foreach() in [CORE\cake\libs\model\model.php, line 579]
2014-01-15 06:28:06 Warning: Warning (2): Invalid argument supplied for foreach() in [CORE\cake\libs\model\model.php, line 579]
2014-01-15 06:28:07 Warning: Warning (2): Invalid argument supplied for foreach() in [CORE\cake\libs\model\model.php, line 579]
2014-01-15 06:28:24 Warning: Warning (2): Invalid argument supplied for foreach() in [CORE\cake\libs\model\model.php, line 579]
2014-01-15 06:28:25 Warning: Warning (2): Invalid argument supplied for foreach() in [CORE\cake\libs\model\model.php, line 579]
2014-01-15 06:29:02 Warning: Warning (2): Invalid argument supplied for foreach() in [CORE\cake\libs\model\model.php, line 579]
2014-01-15 06:29:04 Warning: Warning (2): Invalid argument supplied for foreach() in [CORE\cake\libs\model\model.php, line 579]
2014-01-15 06:29:19 Warning: Warning (2): Invalid argument supplied for foreach() in [CORE\cake\libs\model\model.php, line 579]
2014-01-15 06:29:20 Warning: Warning (2): Invalid argument supplied for foreach() in [CORE\cake\libs\model\model.php, line 579]
2014-01-15 06:29:41 Warning: Warning (2): Invalid argument supplied for foreach() in [CORE\cake\libs\model\model.php, line 579]
2014-01-15 06:29:43 Warning: Warning (2): Invalid argument supplied for foreach() in [CORE\cake\libs\model\model.php, line 579]
2014-01-15 06:30:09 Warning: Warning (2): Invalid argument supplied for foreach() in [CORE\cake\libs\model\model.php, line 579]
2014-01-15 06:30:10 Warning: Warning (2): Invalid argument supplied for foreach() in [CORE\cake\libs\model\model.php, line 579]
2014-01-15 06:30:32 Warning: Warning (2): Invalid argument supplied for foreach() in [CORE\cake\libs\model\model.php, line 579]
2014-01-15 06:30:33 Warning: Warning (2): Invalid argument supplied for foreach() in [CORE\cake\libs\model\model.php, line 579]
2014-02-26 07:56:03 Warning: Warning (512): <span style = "color:Red;text-align:left"><b>SQL Error:</b> 1064: You have an error in your SQL syntax; check the manual that corresponds to your MySQL server version for the right syntax to use near ') AND `CommunicationTask`.`email_template_type` ='1'' at line 1</span> in [CORE\cake\libs\model\datasources\dbo_source.php, line 527]
2014-02-26 07:56:03 Warning: Warning (512): <span style = "color:Red;text-align:left"><b>SQL Error:</b> 1064: You have an error in your SQL syntax; check the manual that corresponds to your MySQL server version for the right syntax to use near ') AND `CommunicationTask`.`email_template_type` ='1'   ORDER BY `CommunicationTa' at line 1</span> in [CORE\cake\libs\model\datasources\dbo_source.php, line 527]
2014-02-26 07:57:29 Warning: Warning (512): <span style = "color:Red;text-align:left"><b>SQL Error:</b> 1064: You have an error in your SQL syntax; check the manual that corresponds to your MySQL server version for the right syntax to use near ') AND `CommunicationTask`.`email_template_type` ='1'' at line 1</span> in [CORE\cake\libs\model\datasources\dbo_source.php, line 527]
2014-02-26 07:57:29 Warning: Warning (512): <span style = "color:Red;text-align:left"><b>SQL Error:</b> 1064: You have an error in your SQL syntax; check the manual that corresponds to your MySQL server version for the right syntax to use near ') AND `CommunicationTask`.`email_template_type` ='1'   ORDER BY `CommunicationTa' at line 1</span> in [CORE\cake\libs\model\datasources\dbo_source.php, line 527]
2014-02-26 07:58:12 Warning: Warning (512): <span style = "color:Red;text-align:left"><b>SQL Error:</b> 1064: You have an error in your SQL syntax; check the manual that corresponds to your MySQL server version for the right syntax to use near ') AND `CommunicationTask`.`email_template_type` ='1'' at line 1</span> in [CORE\cake\libs\model\datasources\dbo_source.php, line 527]
2014-02-26 07:58:13 Warning: Warning (512): <span style = "color:Red;text-align:left"><b>SQL Error:</b> 1064: You have an error in your SQL syntax; check the manual that corresponds to your MySQL server version for the right syntax to use near ') AND `CommunicationTask`.`email_template_type` ='1'   ORDER BY `CommunicationTa' at line 1</span> in [CORE\cake\libs\model\datasources\dbo_source.php, line 527]
2014-02-26 07:58:30 Warning: Warning (512): <span style = "color:Red;text-align:left"><b>SQL Error:</b> 1064: You have an error in your SQL syntax; check the manual that corresponds to your MySQL server version for the right syntax to use near ') AND `CommunicationTask`.`email_template_type` ='1'' at line 1</span> in [CORE\cake\libs\model\datasources\dbo_source.php, line 527]
2014-02-26 07:58:30 Warning: Warning (512): <span style = "color:Red;text-align:left"><b>SQL Error:</b> 1064: You have an error in your SQL syntax; check the manual that corresponds to your MySQL server version for the right syntax to use near ') AND `CommunicationTask`.`email_template_type` ='1'   ORDER BY `CommunicationTa' at line 1</span> in [CORE\cake\libs\model\datasources\dbo_source.php, line 527]
2014-02-26 07:59:18 Warning: Warning (512): <span style = "color:Red;text-align:left"><b>SQL Error:</b> 1064: You have an error in your SQL syntax; check the manual that corresponds to your MySQL server version for the right syntax to use near ') AND `CommunicationTask`.`email_template_type` ='1'' at line 1</span> in [CORE\cake\libs\model\datasources\dbo_source.php, line 527]
2014-02-26 07:59:18 Warning: Warning (512): <span style = "color:Red;text-align:left"><b>SQL Error:</b> 1064: You have an error in your SQL syntax; check the manual that corresponds to your MySQL server version for the right syntax to use near ') AND `CommunicationTask`.`email_template_type` ='1'   ORDER BY `CommunicationTa' at line 1</span> in [CORE\cake\libs\model\datasources\dbo_source.php, line 527]
2014-02-26 07:59:36 Warning: Warning (512): <span style = "color:Red;text-align:left"><b>SQL Error:</b> 1064: You have an error in your SQL syntax; check the manual that corresponds to your MySQL server version for the right syntax to use near ') AND `CommunicationTask`.`email_template_type` ='1'' at line 1</span> in [CORE\cake\libs\model\datasources\dbo_source.php, line 527]
2014-02-26 07:59:36 Warning: Warning (512): <span style = "color:Red;text-align:left"><b>SQL Error:</b> 1064: You have an error in your SQL syntax; check the manual that corresponds to your MySQL server version for the right syntax to use near ') AND `CommunicationTask`.`email_template_type` ='1'   ORDER BY `CommunicationTa' at line 1</span> in [CORE\cake\libs\model\datasources\dbo_source.php, line 527]
2014-03-06 12:25:13 Warning: Warning (512): <span style = "color:Red;text-align:left"><b>SQL Error:</b> 1054: Unknown column '1' in 'order clause'</span> in [CORE\cake\libs\model\datasources\dbo_source.php, line 527]
2014-03-06 12:27:04 Warning: Warning (512): <span style = "color:Red;text-align:left"><b>SQL Error:</b> 1054: Unknown column '1' in 'order clause'</span> in [CORE\cake\libs\model\datasources\dbo_source.php, line 527]
2014-03-12 11:18:00 Warning: Warning (512): <span style = "color:Red;text-align:left"><b>SQL Error:</b> 1064: You have an error in your SQL syntax; check the manual that corresponds to your MySQL server version for the right syntax to use near '' at line 1</span> in [CORE\cake\libs\model\datasources\dbo_source.php, line 527]
2014-03-12 11:18:00 Warning: Warning (512): <span style = "color:Red;text-align:left"><b>SQL Error:</b> 1064: You have an error in your SQL syntax; check the manual that corresponds to your MySQL server version for the right syntax to use near ') AND `EmailTemplate`.`delete_status`='0' AND `EmailTemplate`.`active_status`='1' at line 1</span> in [CORE\cake\libs\model\datasources\dbo_source.php, line 527]
2014-03-12 11:21:00 Warning: Warning (512): <span style = "color:Red;text-align:left"><b>SQL Error:</b> 1064: You have an error in your SQL syntax; check the manual that corresponds to your MySQL server version for the right syntax to use near '' at line 1</span> in [CORE\cake\libs\model\datasources\dbo_source.php, line 527]
2014-03-12 11:21:00 Warning: Warning (512): <span style = "color:Red;text-align:left"><b>SQL Error:</b> 1064: You have an error in your SQL syntax; check the manual that corresponds to your MySQL server version for the right syntax to use near ') AND `EmailTemplate`.`delete_status`='0' AND `EmailTemplate`.`active_status`='1' at line 1</span> in [CORE\cake\libs\model\datasources\dbo_source.php, line 527]
2014-03-12 11:21:39 Warning: Warning (512): <span style = "color:Red;text-align:left"><b>SQL Error:</b> 1064: You have an error in your SQL syntax; check the manual that corresponds to your MySQL server version for the right syntax to use near '' at line 1</span> in [CORE\cake\libs\model\datasources\dbo_source.php, line 527]
2014-03-12 11:27:12 Warning: Warning (512): <span style = "color:Red;text-align:left"><b>SQL Error:</b> 1064: You have an error in your SQL syntax; check the manual that corresponds to your MySQL server version for the right syntax to use near ') AND `CommunicationTask`.`email_template_type` ='2'' at line 1</span> in [CORE\cake\libs\model\datasources\dbo_source.php, line 527]
2014-03-12 11:27:12 Warning: Warning (512): <span style = "color:Red;text-align:left"><b>SQL Error:</b> 1064: You have an error in your SQL syntax; check the manual that corresponds to your MySQL server version for the right syntax to use near ') AND `CommunicationTask`.`email_template_type` ='2'   ORDER BY `CommunicationTa' at line 1</span> in [CORE\cake\libs\model\datasources\dbo_source.php, line 527]
2014-03-12 11:28:27 Warning: Warning (512): <span style = "color:Red;text-align:left"><b>SQL Error:</b> 1064: You have an error in your SQL syntax; check the manual that corresponds to your MySQL server version for the right syntax to use near ') AND `CommunicationTask`.`email_template_type` ='2'' at line 1</span> in [CORE\cake\libs\model\datasources\dbo_source.php, line 527]
2014-03-12 11:28:27 Warning: Warning (512): <span style = "color:Red;text-align:left"><b>SQL Error:</b> 1064: You have an error in your SQL syntax; check the manual that corresponds to your MySQL server version for the right syntax to use near ') AND `CommunicationTask`.`email_template_type` ='2'   ORDER BY `CommunicationTa' at line 1</span> in [CORE\cake\libs\model\datasources\dbo_source.php, line 527]
2014-03-12 11:29:18 Warning: Warning (512): <span style = "color:Red;text-align:left"><b>SQL Error:</b> 1064: You have an error in your SQL syntax; check the manual that corresponds to your MySQL server version for the right syntax to use near ') AND `CommunicationTask`.`email_template_type` ='2'' at line 1</span> in [CORE\cake\libs\model\datasources\dbo_source.php, line 527]
2014-03-12 11:29:18 Warning: Warning (512): <span style = "color:Red;text-align:left"><b>SQL Error:</b> 1064: You have an error in your SQL syntax; check the manual that corresponds to your MySQL server version for the right syntax to use near ') AND `CommunicationTask`.`email_template_type` ='2'   ORDER BY `CommunicationTa' at line 1</span> in [CORE\cake\libs\model\datasources\dbo_source.php, line 527]
2014-03-12 11:30:37 Warning: Warning (512): <span style = "color:Red;text-align:left"><b>SQL Error:</b> 1064: You have an error in your SQL syntax; check the manual that corresponds to your MySQL server version for the right syntax to use near ') AND `CommunicationTask`.`email_template_type` ='2'' at line 1</span> in [CORE\cake\libs\model\datasources\dbo_source.php, line 527]
2014-03-12 11:30:37 Warning: Warning (512): <span style = "color:Red;text-align:left"><b>SQL Error:</b> 1064: You have an error in your SQL syntax; check the manual that corresponds to your MySQL server version for the right syntax to use near ') AND `CommunicationTask`.`email_template_type` ='2'   ORDER BY `CommunicationTa' at line 1</span> in [CORE\cake\libs\model\datasources\dbo_source.php, line 527]
2014-03-31 13:46:00 Warning: Warning (512): <span style = "color:Red;text-align:left"><b>SQL Error:</b> 1054: Unknown column 'CoinsHolder.project_id' in 'where clause'</span> in [CORE\cake\libs\model\datasources\dbo_source.php, line 527]
2014-03-31 13:46:01 Warning: Warning (512): <span style = "color:Red;text-align:left"><b>SQL Error:</b> 1054: Unknown column 'CoinsHolder.project_id' in 'where clause'</span> in [CORE\cake\libs\model\datasources\dbo_source.php, line 527]
2014-03-31 13:46:15 Warning: Warning (512): <span style = "color:Red;text-align:left"><b>SQL Error:</b> 1054: Unknown column 'CoinsHolder.project_id' in 'where clause'</span> in [CORE\cake\libs\model\datasources\dbo_source.php, line 527]
2014-04-04 09:10:35 Warning: Warning (512): <span style = "color:Red;text-align:left"><b>SQL Error:</b> 1048: Column 'donationammount' cannot be null</span> in [CORE\cake\libs\model\datasources\dbo_source.php, line 527]
2014-04-04 09:16:46 Warning: Warning (512): <span style = "color:Red;text-align:left"><b>SQL Error:</b> 1048: Column 'donationammount' cannot be null</span> in [CORE\cake\libs\model\datasources\dbo_source.php, line 527]
2014-04-04 09:18:14 Warning: Warning (512): <span style = "color:Red;text-align:left"><b>SQL Error:</b> 1048: Column 'donationammount' cannot be null</span> in [CORE\cake\libs\model\datasources\dbo_source.php, line 527]
2014-04-04 09:20:39 Warning: Warning (512): <span style = "color:Red;text-align:left"><b>SQL Error:</b> 1048: Column 'donationammount' cannot be null</span> in [CORE\cake\libs\model\datasources\dbo_source.php, line 527]
2014-04-04 09:24:29 Warning: Warning (512): <span style = "color:Red;text-align:left"><b>SQL Error:</b> 1048: Column 'donationammount' cannot be null</span> in [CORE\cake\libs\model\datasources\dbo_source.php, line 527]
2014-04-04 09:24:56 Warning: Warning (512): <span style = "color:Red;text-align:left"><b>SQL Error:</b> 1048: Column 'donationammount' cannot be null</span> in [CORE\cake\libs\model\datasources\dbo_source.php, line 527]
2014-04-04 09:25:22 Warning: Warning (512): <span style = "color:Red;text-align:left"><b>SQL Error:</b> 1048: Column 'donationammount' cannot be null</span> in [CORE\cake\libs\model\datasources\dbo_source.php, line 527]
2014-04-04 09:26:17 Warning: Warning (512): <span style = "color:Red;text-align:left"><b>SQL Error:</b> 1048: Column 'donationammount' cannot be null</span> in [CORE\cake\libs\model\datasources\dbo_source.php, line 527]
2014-04-04 09:26:32 Warning: Warning (512): <span style = "color:Red;text-align:left"><b>SQL Error:</b> 1048: Column 'donationammount' cannot be null</span> in [CORE\cake\libs\model\datasources\dbo_source.php, line 527]
2014-04-04 09:26:54 Warning: Warning (512): <span style = "color:Red;text-align:left"><b>SQL Error:</b> 1048: Column 'donationammount' cannot be null</span> in [CORE\cake\libs\model\datasources\dbo_source.php, line 527]
2014-04-04 09:27:14 Warning: Warning (512): <span style = "color:Red;text-align:left"><b>SQL Error:</b> 1048: Column 'donationammount' cannot be null</span> in [CORE\cake\libs\model\datasources\dbo_source.php, line 527]
2014-04-04 09:27:39 Warning: Warning (512): <span style = "color:Red;text-align:left"><b>SQL Error:</b> 1048: Column 'donationammount' cannot be null</span> in [CORE\cake\libs\model\datasources\dbo_source.php, line 527]
2014-04-04 09:27:52 Warning: Warning (512): <span style = "color:Red;text-align:left"><b>SQL Error:</b> 1048: Column 'donationammount' cannot be null</span> in [CORE\cake\libs\model\datasources\dbo_source.php, line 527]
2014-04-04 10:54:41 Warning: Warning (512): <span style = "color:Red;text-align:left"><b>SQL Error:</b> 1048: Column 'donationammount' cannot be null</span> in [CORE\cake\libs\model\datasources\dbo_source.php, line 527]
2014-04-04 10:55:30 Warning: Warning (512): <span style = "color:Red;text-align:left"><b>SQL Error:</b> 1048: Column 'donationammount' cannot be null</span> in [CORE\cake\libs\model\datasources\dbo_source.php, line 527]
2014-04-16 08:14:48 Warning: Warning (2): htmlspecialchars() [<a href='http://php.net/function.htmlspecialchars'>function.htmlspecialchars</a>]: Invalid multibyte sequence in argument in [CORE\cake\basics.php, line 207]
2014-04-16 08:14:50 Warning: Warning (2): htmlspecialchars() [<a href='http://php.net/function.htmlspecialchars'>function.htmlspecialchars</a>]: Invalid multibyte sequence in argument in [CORE\cake\basics.php, line 207]
2014-04-25 00:52:57 Warning: Warning (2): mysql_num_rows(): supplied argument is not a valid MySQL result resource in [APP/config/routes.php, line 66]
2014-04-25 00:52:58 Warning: Warning (2): mysqli_connect() [<a href='http://php.net/function.mysqli-connect'>function.mysqli-connect</a>]: (42000/1044): Access denied for user 'chamelne_admin'@'localhost' to database 'chamelne__pa' in [CORE/cake/libs/model/datasources/dbo/dbo_mysqli.php, line 73]
2014-04-25 00:52:58 Warning: Warning (2): mysqli_get_server_info() expects parameter 1 to be mysqli, boolean given in [CORE/cake/libs/model/datasources/dbo/dbo_mysqli.php, line 79]
2014-04-25 00:52:58 Warning: Warning (2): mysqli_query() expects parameter 1 to be mysqli, boolean given in [CORE/cake/libs/model/datasources/dbo/dbo_mysqli.php, line 117]
2014-04-25 00:52:59 Warning: Warning (2): mysql_num_rows(): supplied argument is not a valid MySQL result resource in [APP/config/routes.php, line 66]
2014-04-25 00:52:59 Warning: Warning (2): mysqli_connect() [<a href='http://php.net/function.mysqli-connect'>function.mysqli-connect</a>]: (42000/1044): Access denied for user 'chamelne_admin'@'localhost' to database 'chamelne__pa' in [CORE/cake/libs/model/datasources/dbo/dbo_mysqli.php, line 73]
2014-04-25 00:52:59 Warning: Warning (2): mysqli_get_server_info() expects parameter 1 to be mysqli, boolean given in [CORE/cake/libs/model/datasources/dbo/dbo_mysqli.php, line 79]
2014-04-25 00:52:59 Warning: Warning (2): mysqli_query() expects parameter 1 to be mysqli, boolean given in [CORE/cake/libs/model/datasources/dbo/dbo_mysqli.php, line 117]
2014-04-25 00:59:00 Warning: Warning (2): mysql_num_rows(): supplied argument is not a valid MySQL result resource in [APP/config/routes.php, line 66]
2014-04-25 00:59:00 Warning: Warning (2): mysqli_connect() [<a href='http://php.net/function.mysqli-connect'>function.mysqli-connect</a>]: (42000/1044): Access denied for user 'chamelne_admin'@'localhost' to database 'chamelne__pa' in [CORE/cake/libs/model/datasources/dbo/dbo_mysqli.php, line 73]
2014-04-25 00:59:00 Warning: Warning (2): mysqli_get_server_info() expects parameter 1 to be mysqli, boolean given in [CORE/cake/libs/model/datasources/dbo/dbo_mysqli.php, line 79]
2014-04-25 00:59:00 Warning: Warning (2): mysqli_query() expects parameter 1 to be mysqli, boolean given in [CORE/cake/libs/model/datasources/dbo/dbo_mysqli.php, line 117]
2014-04-25 01:03:30 Warning: Warning (2): mysql_num_rows(): supplied argument is not a valid MySQL result resource in [APP/config/routes.php, line 66]
2014-04-25 01:03:30 Warning: Warning (2): mysqli_connect() [<a href='http://php.net/function.mysqli-connect'>function.mysqli-connect</a>]: (42000/1044): Access denied for user 'chamelne_admin'@'localhost' to database 'chamelne__pa' in [CORE/cake/libs/model/datasources/dbo/dbo_mysqli.php, line 73]
2014-04-25 01:03:30 Warning: Warning (2): mysqli_get_server_info() expects parameter 1 to be mysqli, boolean given in [CORE/cake/libs/model/datasources/dbo/dbo_mysqli.php, line 79]
2014-04-25 01:03:30 Warning: Warning (2): mysqli_query() expects parameter 1 to be mysqli, boolean given in [CORE/cake/libs/model/datasources/dbo/dbo_mysqli.php, line 117]
2014-04-25 01:03:31 Warning: Warning (2): mysql_num_rows(): supplied argument is not a valid MySQL result resource in [APP/config/routes.php, line 66]
2014-04-25 01:03:31 Warning: Warning (2): mysqli_connect() [<a href='http://php.net/function.mysqli-connect'>function.mysqli-connect</a>]: (42000/1044): Access denied for user 'chamelne_admin'@'localhost' to database 'chamelne__pa' in [CORE/cake/libs/model/datasources/dbo/dbo_mysqli.php, line 73]
2014-04-25 01:03:31 Warning: Warning (2): mysqli_get_server_info() expects parameter 1 to be mysqli, boolean given in [CORE/cake/libs/model/datasources/dbo/dbo_mysqli.php, line 79]
2014-04-25 01:03:31 Warning: Warning (2): mysqli_query() expects parameter 1 to be mysqli, boolean given in [CORE/cake/libs/model/datasources/dbo/dbo_mysqli.php, line 117]
2014-04-25 01:09:54 Warning: Warning (2): mysql_num_rows(): supplied argument is not a valid MySQL result resource in [APP/config/routes.php, line 66]
2014-04-25 01:09:55 Warning: Warning (2): mysqli_connect() [<a href='http://php.net/function.mysqli-connect'>function.mysqli-connect</a>]: (42000/1044): Access denied for user 'chamelne_admin'@'localhost' to database 'chamelne__pa' in [CORE/cake/libs/model/datasources/dbo/dbo_mysqli.php, line 73]
2014-04-25 01:09:55 Warning: Warning (2): mysqli_get_server_info() expects parameter 1 to be mysqli, boolean given in [CORE/cake/libs/model/datasources/dbo/dbo_mysqli.php, line 79]
2014-04-25 01:09:55 Warning: Warning (2): mysqli_query() expects parameter 1 to be mysqli, boolean given in [CORE/cake/libs/model/datasources/dbo/dbo_mysqli.php, line 117]
2014-04-25 01:10:20 Warning: Warning (2): mysql_num_rows(): supplied argument is not a valid MySQL result resource in [APP/config/routes.php, line 66]
2014-04-25 01:10:20 Warning: Warning (2): mysqli_connect() [<a href='http://php.net/function.mysqli-connect'>function.mysqli-connect</a>]: (42000/1044): Access denied for user 'chamelne_admin'@'localhost' to database 'chamelne__pa' in [CORE/cake/libs/model/datasources/dbo/dbo_mysqli.php, line 73]
2014-04-25 01:10:20 Warning: Warning (2): mysqli_get_server_info() expects parameter 1 to be mysqli, boolean given in [CORE/cake/libs/model/datasources/dbo/dbo_mysqli.php, line 79]
2014-04-25 01:10:20 Warning: Warning (2): mysqli_query() expects parameter 1 to be mysqli, boolean given in [CORE/cake/libs/model/datasources/dbo/dbo_mysqli.php, line 117]
2014-04-25 01:12:42 Warning: Warning (2): mysql_num_rows(): supplied argument is not a valid MySQL result resource in [APP/config/routes.php, line 66]
2014-04-25 01:12:42 Warning: Warning (2): mysqli_connect() [<a href='http://php.net/function.mysqli-connect'>function.mysqli-connect</a>]: (42000/1044): Access denied for user 'chamelne_admin'@'localhost' to database 'chamelne__pa' in [CORE/cake/libs/model/datasources/dbo/dbo_mysqli.php, line 73]
2014-04-25 01:12:42 Warning: Warning (2): mysqli_get_server_info() expects parameter 1 to be mysqli, boolean given in [CORE/cake/libs/model/datasources/dbo/dbo_mysqli.php, line 79]
2014-04-25 01:12:42 Warning: Warning (2): mysqli_query() expects parameter 1 to be mysqli, boolean given in [CORE/cake/libs/model/datasources/dbo/dbo_mysqli.php, line 117]
2014-04-25 01:14:35 Warning: Warning (2): mysql_num_rows(): supplied argument is not a valid MySQL result resource in [APP/config/routes.php, line 66]
2014-04-25 01:14:35 Warning: Warning (2): mysqli_connect() [<a href='http://php.net/function.mysqli-connect'>function.mysqli-connect</a>]: (42000/1044): Access denied for user 'chamelne_admin'@'localhost' to database 'chamelne__pa' in [CORE/cake/libs/model/datasources/dbo/dbo_mysqli.php, line 73]
2014-04-25 01:14:35 Warning: Warning (2): mysqli_get_server_info() expects parameter 1 to be mysqli, boolean given in [CORE/cake/libs/model/datasources/dbo/dbo_mysqli.php, line 79]
2014-04-25 01:14:35 Warning: Warning (2): mysqli_query() expects parameter 1 to be mysqli, boolean given in [CORE/cake/libs/model/datasources/dbo/dbo_mysqli.php, line 117]
2014-04-25 01:15:06 Warning: Warning (2): mysql_num_rows(): supplied argument is not a valid MySQL result resource in [APP/config/routes.php, line 66]
2014-04-25 01:15:06 Warning: Warning (2): mysqli_connect() [<a href='http://php.net/function.mysqli-connect'>function.mysqli-connect</a>]: (42000/1044): Access denied for user 'chamelne_admin'@'localhost' to database 'chamelne__pa' in [CORE/cake/libs/model/datasources/dbo/dbo_mysqli.php, line 73]
2014-04-25 01:15:06 Warning: Warning (2): mysqli_get_server_info() expects parameter 1 to be mysqli, boolean given in [CORE/cake/libs/model/datasources/dbo/dbo_mysqli.php, line 79]
2014-04-25 01:15:06 Warning: Warning (2): mysqli_query() expects parameter 1 to be mysqli, boolean given in [CORE/cake/libs/model/datasources/dbo/dbo_mysqli.php, line 117]
2014-04-25 01:17:03 Warning: Warning (2): Cannot modify header information - headers already sent by (output started at /home/chamelne/public_html/cake/basics.php:109) in [CORE/cake/libs/controller/controller.php, line 647]
2014-04-25 01:30:29 Warning: Warning (512): <span style = "color:Red;text-align:left"><b>SQL Error:</b> 1146: Table 'chamelne__pa.link_Addresses' doesn't exist</span> in [CORE/cake/libs/model/datasources/dbo_source.php, line 527]
2014-04-25 01:30:29 Warning: Warning (2): Invalid argument supplied for foreach() in [CORE/cake/libs/model/datasources/dbo/dbo_mysql.php, line 102]
2018-06-14 05:27:26 Warning: Warning (2): Cannot modify header information - headers already sent by (output started at /home/chameleo/public_html/cake/libs/configure.php:327) in [CORE/cake/libs/controller/controller.php, line 647]
2018-06-14 05:29:17 Warning: Warning (2): Cannot modify header information - headers already sent by (output started at /home/chameleo/public_html/cake/libs/configure.php:327) in [CORE/cake/libs/controller/controller.php, line 647]
2018-06-14 05:30:17 Warning: Warning (2): Cannot modify header information - headers already sent by (output started at /home/chameleo/public_html/cake/libs/configure.php:327) in [CORE/cake/libs/controller/controller.php, line 647]
2018-06-14 06:01:53 Warning: Warning (2): Cannot modify header information - headers already sent by (output started at /home/chameleo/public_html/cake/libs/configure.php:327) in [CORE/cake/libs/controller/controller.php, line 647]
2018-06-14 07:10:31 Warning: Warning (2): Cannot modify header information - headers already sent by (output started at /home/chameleo/public_html/cake/libs/configure.php:327) in [CORE/cake/libs/controller/controller.php, line 647]
2018-06-14 07:10:39 Warning: Warning (2): Cannot modify header information - headers already sent by (output started at /home/chameleo/public_html/cake/libs/configure.php:327) in [CORE/cake/libs/controller/controller.php, line 647]
2018-06-14 07:11:38 Warning: Warning (2): Cannot modify header information - headers already sent by (output started at /home/chameleo/public_html/cake/libs/configure.php:327) in [CORE/cake/libs/controller/controller.php, line 647]
2018-06-14 07:12:59 Warning: Warning (2): Cannot modify header information - headers already sent by (output started at /home/chameleo/public_html/cake/libs/configure.php:327) in [CORE/cake/libs/controller/controller.php, line 647]
2018-08-01 17:00:11 Warning: Warning (2): mysql_num_rows() expects parameter 1 to be resource, boolean given in [APP\config\routes.php, line 66]
2018-08-01 17:00:12 Warning: Warning (2): mysqli_connect() [<a href='http://php.net/function.mysqli-connect'>function.mysqli-connect</a>]: (HY000/1049): Unknown database 'chamelne__pa' in [CORE\cake\libs\model\datasources\dbo\dbo_mysqli.php, line 145]
2018-08-01 17:00:12 Warning: Warning (2): mysqli_get_server_info() expects parameter 1 to be mysqli, boolean given in [CORE\cake\libs\model\datasources\dbo\dbo_mysqli.php, line 157]
2018-08-01 17:00:12 Warning: Warning (2): mysqli_query() expects parameter 1 to be mysqli, boolean given in [CORE\cake\libs\model\datasources\dbo\dbo_mysqli.php, line 233]
2018-08-01 17:13:10 Warning: Warning (2): mysql_num_rows() expects parameter 1 to be resource, boolean given in [APP\config\routes.php, line 66]
2018-08-01 17:13:10 Warning: Warning (2): mysqli_connect() [<a href='http://php.net/function.mysqli-connect'>function.mysqli-connect</a>]: (HY000/1049): Unknown database 'chamelne__pa' in [CORE\cake\libs\model\datasources\dbo\dbo_mysqli.php, line 145]
2018-08-01 17:13:10 Warning: Warning (2): mysqli_get_server_info() expects parameter 1 to be mysqli, boolean given in [CORE\cake\libs\model\datasources\dbo\dbo_mysqli.php, line 157]
2018-08-01 17:13:10 Warning: Warning (2): mysqli_query() expects parameter 1 to be mysqli, boolean given in [CORE\cake\libs\model\datasources\dbo\dbo_mysqli.php, line 233]
2018-08-01 17:13:18 Warning: Warning (2): mysql_num_rows() expects parameter 1 to be resource, boolean given in [APP\config\routes.php, line 66]
2018-08-01 17:13:18 Warning: Warning (2): mysqli_connect() [<a href='http://php.net/function.mysqli-connect'>function.mysqli-connect</a>]: (HY000/1049): Unknown database 'chamelne__pa' in [CORE\cake\libs\model\datasources\dbo\dbo_mysqli.php, line 145]
2018-08-01 17:13:18 Warning: Warning (2): mysqli_get_server_info() expects parameter 1 to be mysqli, boolean given in [CORE\cake\libs\model\datasources\dbo\dbo_mysqli.php, line 157]
2018-08-01 17:13:18 Warning: Warning (2): mysqli_query() expects parameter 1 to be mysqli, boolean given in [CORE\cake\libs\model\datasources\dbo\dbo_mysqli.php, line 233]
2018-09-28 12:02:16 Warning: Warning (2): Cannot modify header information - headers already sent by (output started at D:\xampp\htdocs\wolf\git\chameleon\cake\libs\configure.php:653) in [CORE\cake\libs\controller\controller.php, line 1293]
2018-10-24 14:05:51 Warning: Warning (2): Cannot modify header information - headers already sent by (output started at D:\xampp\htdocs\wolf\git\chameleon\cake\libs\configure.php:653) in [CORE\cake\libs\controller\components\cookie.php, line 727]
2018-10-24 14:05:51 Warning: Warning (2): Cannot modify header information - headers already sent by (output started at D:\xampp\htdocs\wolf\git\chameleon\cake\libs\configure.php:653) in [CORE\cake\libs\controller\controller.php, line 1293]
2018-10-24 14:14:59 Warning: Warning (2): Cannot modify header information - headers already sent by (output started at D:\xampp\htdocs\wolf\git\chameleon\cake\libs\configure.php:653) in [CORE\cake\libs\controller\controller.php, line 1293]
2018-10-24 16:02:10 Warning: Warning (2): Cannot modify header information - headers already sent by (output started at D:\xampp\htdocs\wolf\git\chameleon\cake\libs\configure.php:653) in [CORE\cake\libs\controller\components\cookie.php, line 727]
2018-10-24 16:02:10 Warning: Warning (2): Cannot modify header information - headers already sent by (output started at D:\xampp\htdocs\wolf\git\chameleon\cake\libs\configure.php:653) in [CORE\cake\libs\controller\controller.php, line 1293]
2018-10-24 16:02:37 Warning: Warning (2): Cannot modify header information - headers already sent by (output started at D:\xampp\htdocs\wolf\git\chameleon\cake\libs\configure.php:653) in [CORE\cake\libs\controller\controller.php, line 1293]
2018-10-24 16:02:47 Warning: Warning (2): Cannot modify header information - headers already sent by (output started at D:\xampp\htdocs\wolf\git\chameleon\cake\libs\configure.php:653) in [CORE\cake\libs\controller\components\cookie.php, line 727]
2018-10-24 16:02:47 Warning: Warning (2): Cannot modify header information - headers already sent by (output started at D:\xampp\htdocs\wolf\git\chameleon\cake\libs\configure.php:653) in [CORE\cake\libs\controller\controller.php, line 1293]
